d:\vs_work\matnavi\matnavi\x64\debug\fileload.obj
d:\vs_work\matnavi\matnavi\x64\debug\search.obj
d:\vs_work\matnavi\matnavi\x64\debug\viewtip.obj
d:\vs_work\matnavi\matnavi\x64\debug\matnavi.obj
d:\vs_work\matnavi\matnavi\x64\debug\searchloc.obj
d:\vs_work\matnavi\matnavi\x64\debug\logiclayer.obj
d:\vs_work\matnavi\matnavi\x64\debug\main.obj
d:\vs_work\matnavi\matnavi\x64\debug\vc142.pdb
d:\vs_work\matnavi\matnavi\x64\debug\moc_matnavi.obj
d:\vs_work\matnavi\matnavi\x64\debug\moc_fileload.obj
d:\vs_work\matnavi\matnavi\x64\debug\moc_searchloc.obj
d:\vs_work\matnavi\matnavi\x64\debug\qrc_matnavi.obj
d:\vs_work\matnavi\matnavi\x64\debug\moc_viewtip.obj
d:\vs_work\matnavi\x64\debug\matnavi.exe
d:\vs_work\matnavi\x64\debug\matnavi.ilk
d:\vs_work\matnavi\x64\debug\matnavi.pdb
d:\vs_work\matnavi\matnavi\x64\debug\uic\ui_fileload.h
d:\vs_work\matnavi\matnavi\x64\debug\uic\ui_matnavi.h
d:\vs_work\matnavi\matnavi\x64\debug\uic\ui_searchloc.h
d:\vs_work\matnavi\matnavi\x64\debug\uic\ui_viewtip.h
d:\vs_work\matnavi\matnavi\x64\debug\rcc\qrc_matnavi.cpp
d:\vs_work\matnavi\matnavi\x64\debug\moc\moc_matnavi.cpp
d:\vs_work\matnavi\matnavi\x64\debug\moc\moc_searchloc.cpp
d:\vs_work\matnavi\matnavi\x64\debug\moc\moc_viewtip.cpp
d:\vs_work\matnavi\matnavi\x64\debug\moc\moc_fileload.cpp
d:\vs_work\matnavi\matnavi\x64\debug\matnavi.tlog\cl.command.1.tlog
d:\vs_work\matnavi\matnavi\x64\debug\matnavi.tlog\cl.read.1.tlog
d:\vs_work\matnavi\matnavi\x64\debug\matnavi.tlog\cl.write.1.tlog
d:\vs_work\matnavi\matnavi\x64\debug\matnavi.tlog\link.command.1.tlog
d:\vs_work\matnavi\matnavi\x64\debug\matnavi.tlog\link.read.1.tlog
d:\vs_work\matnavi\matnavi\x64\debug\matnavi.tlog\link.write.1.tlog
d:\vs_work\matnavi\matnavi\x64\debug\matnavi.tlog\matnavi.write.1u.tlog
d:\vs_work\matnavi\matnavi\x64\debug\matnavi.tlog\moc.read.1u.tlog
d:\vs_work\matnavi\matnavi\x64\debug\matnavi.tlog\moc.write.1u.tlog
d:\vs_work\matnavi\matnavi\x64\debug\matnavi.tlog\rcc.read.1u.tlog
d:\vs_work\matnavi\matnavi\x64\debug\matnavi.tlog\rcc.write.1u.tlog
d:\vs_work\matnavi\matnavi\x64\debug\matnavi.tlog\uic.read.1u.tlog
d:\vs_work\matnavi\matnavi\x64\debug\matnavi.tlog\uic.write.1u.tlog
